
Passing `palette` without assigning `hue` is deprecated and will be removed in v0.14.0. Assign the `x` variable to `hue` and set `legend=False` for the same effect.

  sns.countplot(data=df, x="label", palette="viridis", ax=ax)
2025-11-22 14:05:48.778069: I tensorflow/core/platform/cpu_feature_guard.cc:210] This TensorFlow binary is optimized to use available CPU instructions in performance-critical operations.
To enable the following instructions: AVX2 AVX512F FMA, in other operations, rebuild TensorFlow with the appropriate compiler flags.
Data Frame dimentions: (3780, 2)
Dupplicated sum: 0
IsNull sum:
image_path    0
label         0
dtype: int64
Data Frame Info
<class 'pandas.core.frame.DataFrame'>
RangeIndex: 3780 entries, 0 to 3779
Data columns (total 2 columns):
 #   Column      Non-Null Count  Dtype 
---  ------      --------------  ----- 
 0   image_path  3780 non-null   object
 1   label       3780 non-null   object
dtypes: object(2)
memory usage: 59.2+ KB
Unique labels: ['Normal' 'Osteopenia' 'Osteoporosis']
Label counts: label
Normal          1260
Osteopenia      1260
Osteoporosis    1260
Name: count, dtype: int64

Class distribution after oversampling:
category_encoded
0    1260
1    1260
2    1260
Name: count, dtype: int64
                                            image_path  category_encoded
0                         ./train/Normal/N4_aug_5.jpeg                 0
1                        ./train/Normal/N22_aug_4.jpeg                 0
2                        ./train/Normal/N15_aug_4.jpeg                 0
3                        ./train/Normal/Normal 290.png                 0
4                       ./train/Normal/Normal 169.JPEG                 0
...                                                ...               ...
3775               ./train/Osteoporosis/OS2_aug_0.jpeg                 2
3776  ./train/Osteoporosis/Osteoporosis 473_aug_0.jpeg                 2
3777              ./train/Osteoporosis/OS49_aug_0.jpeg                 2
3778  ./train/Osteoporosis/Osteoporosis 311_aug_0.jpeg                 2
3779         ./train/Osteoporosis/Osteoporosis 518.jpg                 2

[3780 rows x 2 columns]
check
(3024, 2)
(756, 2)
(378, 2)
(378, 2)
Found 3024 validated image filenames belonging to 3 classes.
Found 378 validated image filenames belonging to 3 classes.
Found 378 validated image filenames belonging to 3 classes.
WARNING: All log messages before absl::InitializeLog() is called are written to STDERR
W0000 00:00:1763849152.686005 3023112 gpu_device.cc:2342] Cannot dlopen some GPU libraries. Please make sure the missing libraries mentioned above are installed properly if you would like to use GPU. Follow the guide at https://www.tensorflow.org/install/gpu for how to download and setup the required libraries for your platform.
Skipping registering GPU devices...
Num GPUs Available:  0
Epoch 1/250
189/189 ━━━━━━━━━━━━━━━━━━━━ 1444s 8s/step - accuracy: 0.5420 - loss: 1.1385 - val_accuracy: 0.6138 - val_loss: 0.8778
Epoch 2/250
189/189 ━━━━━━━━━━━━━━━━━━━━ 1436s 8s/step - accuracy: 0.6360 - loss: 0.8046 - val_accuracy: 0.5159 - val_loss: 1.3607
Epoch 3/250
189/189 ━━━━━━━━━━━━━━━━━━━━ 1439s 8s/step - accuracy: 0.6694 - loss: 0.7539 - val_accuracy: 0.5820 - val_loss: 1.3926
Epoch 4/250
189/189 ━━━━━━━━━━━━━━━━━━━━ 1439s 8s/step - accuracy: 0.6995 - loss: 0.7107 - val_accuracy: 0.6534 - val_loss: 0.7460
Epoch 5/250
189/189 ━━━━━━━━━━━━━━━━━━━━ 1438s 8s/step - accuracy: 0.7318 - loss: 0.6318 - val_accuracy: 0.7063 - val_loss: 0.7313
Epoch 6/250
189/189 ━━━━━━━━━━━━━━━━━━━━ 1436s 8s/step - accuracy: 0.7454 - loss: 0.5990 - val_accuracy: 0.6931 - val_loss: 1.0322
Epoch 7/250
189/189 ━━━━━━━━━━━━━━━━━━━━ 1437s 8s/step - accuracy: 0.7683 - loss: 0.5348 - val_accuracy: 0.5423 - val_loss: 1.3106
Epoch 8/250
189/189 ━━━━━━━━━━━━━━━━━━━━ 1437s 8s/step - accuracy: 0.7655 - loss: 0.5561 - val_accuracy: 0.6958 - val_loss: 0.7546
Epoch 9/250
189/189 ━━━━━━━━━━━━━━━━━━━━ 1439s 8s/step - accuracy: 0.7620 - loss: 0.5693 - val_accuracy: 0.4497 - val_loss: 2.0956
Epoch 10/250
189/189 ━━━━━━━━━━━━━━━━━━━━ 1436s 8s/step - accuracy: 0.8123 - loss: 0.4543 - val_accuracy: 0.7222 - val_loss: 0.7737
24/24 ━━━━━━━━━━━━━━━━━━━━ 63s 3s/step 

PPO Loss on Validation Data: -1.0
24/24 ━━━━━━━━━━━━━━━━━━━━ 62s 3s/step 
Classification Report:
              precision    recall  f1-score   support

           0       0.84      0.58      0.69       126
           1       0.73      0.76      0.74       126
           2       0.64      0.81      0.72       126

    accuracy                           0.72       378
   macro avg       0.74      0.72      0.72       378
weighted avg       0.74      0.72      0.72       378