Running Python script: knee-osteo-l2-0001.py
/WAVE/projects2/CSEN-240-Fall25/jriveramiranda/knee-osteo-l2-0001.py:48: FutureWarning: 

Passing `palette` without assigning `hue` is deprecated and will be removed in v0.14.0. Assign the `x` variable to `hue` and set `legend=False` for the same effect.

  sns.countplot(data=df, x="label", palette="viridis", ax=ax)
2025-11-27 16:27:05.134553: I tensorflow/core/platform/cpu_feature_guard.cc:210] This TensorFlow binary is optimized to use available CPU instructions in performance-critical operations.
To enable the following instructions: AVX2 AVX512F FMA, in other operations, rebuild TensorFlow with the appropriate compiler flags.
Modeling Knee Osteoarthritis
============================
Current test:
- L2 Regularization added with 0.0001 penalty factor.
============================
Data Frame dimentions: (3780, 2)
Dupplicated sum: 0
IsNull sum:
image_path    0
label         0
dtype: int64
Data Frame Info
<class 'pandas.core.frame.DataFrame'>
RangeIndex: 3780 entries, 0 to 3779
Data columns (total 2 columns):
 #   Column      Non-Null Count  Dtype 
---  ------      --------------  ----- 
 0   image_path  3780 non-null   object
 1   label       3780 non-null   object
dtypes: object(2)
memory usage: 59.2+ KB
Unique labels: ['Normal' 'Osteopenia' 'Osteoporosis']
Label counts: label
Normal          1260
Osteopenia      1260
Osteoporosis    1260
Name: count, dtype: int64

Class distribution after oversampling:
category_encoded
0    1260
1    1260
2    1260
Name: count, dtype: int64
                                            image_path  category_encoded
0                         ./train/Normal/N4_aug_5.jpeg                 0
1                        ./train/Normal/N22_aug_4.jpeg                 0
2                        ./train/Normal/N15_aug_4.jpeg                 0
3                        ./train/Normal/Normal 290.png                 0
4                       ./train/Normal/Normal 169.JPEG                 0
...                                                ...               ...
3775               ./train/Osteoporosis/OS2_aug_0.jpeg                 2
3776  ./train/Osteoporosis/Osteoporosis 473_aug_0.jpeg                 2
3777              ./train/Osteoporosis/OS49_aug_0.jpeg                 2
3778  ./train/Osteoporosis/Osteoporosis 311_aug_0.jpeg                 2
3779         ./train/Osteoporosis/Osteoporosis 518.jpg                 2

[3780 rows x 2 columns]
check
(3024, 2)
(756, 2)
(378, 2)
(378, 2)
Found 3024 validated image filenames belonging to 3 classes.
Found 378 validated image filenames belonging to 3 classes.
Found 378 validated image filenames belonging to 3 classes.
WARNING: All log messages before absl::InitializeLog() is called are written to STDERR
W0000 00:00:1764289630.154636 1664931 gpu_device.cc:2342] Cannot dlopen some GPU libraries. Please make sure the missing libraries mentioned above are installed properly if you would like to use GPU. Follow the guide at https://www.tensorflow.org/install/gpu for how to download and setup the required libraries for your platform.
Skipping registering GPU devices...
Num GPUs Available:  0
Epoch 1/250
189/189 ━━━━━━━━━━━━━━━━━━━━ 1443s 8s/step - accuracy: 0.5277 - loss: 1.2176 - val_accuracy: 0.5450 - val_loss: 1.0982
Epoch 2/250
189/189 ━━━━━━━━━━━━━━━━━━━━ 1434s 8s/step - accuracy: 0.6208 - loss: 0.9307 - val_accuracy: 0.6508 - val_loss: 1.0173
Epoch 3/250
189/189 ━━━━━━━━━━━━━━━━━━━━ 1436s 8s/step - accuracy: 0.6813 - loss: 0.8346 - val_accuracy: 0.6323 - val_loss: 1.0264
Epoch 4/250
189/189 ━━━━━━━━━━━━━━━━━━━━ 1436s 8s/step - accuracy: 0.6777 - loss: 0.8267 - val_accuracy: 0.6772 - val_loss: 0.8345
Epoch 5/250
189/189 ━━━━━━━━━━━━━━━━━━━━ 1433s 8s/step - accuracy: 0.7114 - loss: 0.7384 - val_accuracy: 0.5529 - val_loss: 1.1388
Epoch 6/250
189/189 ━━━━━━━━━━━━━━━━━━━━ 1434s 8s/step - accuracy: 0.7415 - loss: 0.6995 - val_accuracy: 0.4868 - val_loss: 1.5335
Epoch 7/250
189/189 ━━━━━━━━━━━━━━━━━━━━ 1434s 8s/step - accuracy: 0.7410 - loss: 0.6542 - val_accuracy: 0.7116 - val_loss: 0.8072
Epoch 8/250
189/189 ━━━━━━━━━━━━━━━━━━━━ 1437s 8s/step - accuracy: 0.7896 - loss: 0.6142 - val_accuracy: 0.6772 - val_loss: 0.8715
Epoch 9/250
189/189 ━━━━━━━━━━━━━━━━━━━━ 1436s 8s/step - accuracy: 0.7830 - loss: 0.6006 - val_accuracy: 0.7249 - val_loss: 0.9521
Epoch 10/250
189/189 ━━━━━━━━━━━━━━━━━━━━ 1437s 8s/step - accuracy: 0.7979 - loss: 0.5429 - val_accuracy: 0.7196 - val_loss: 0.9234
Epoch 11/250
189/189 ━━━━━━━━━━━━━━━━━━━━ 1434s 8s/step - accuracy: 0.8376 - loss: 0.4865 - val_accuracy: 0.6402 - val_loss: 1.0987
Epoch 12/250
189/189 ━━━━━━━━━━━━━━━━━━━━ 1436s 8s/step - accuracy: 0.8228 - loss: 0.5187 - val_accuracy: 0.7566 - val_loss: 0.9432
24/24 ━━━━━━━━━━━━━━━━━━━━ 63s 3s/step 

PPO Loss on Validation Data: -0.9999998
24/24 ━━━━━━━━━━━━━━━━━━━━ 62s 3s/step 
Classification Report:
              precision    recall  f1-score   support

           0       0.78      0.71      0.74       126
           1       0.73      0.80      0.76       126
           2       0.70      0.69      0.69       126

    accuracy                           0.73       378
   macro avg       0.73      0.73      0.73       378
weighted avg       0.73      0.73      0.73       378
