Passing `palette` without assigning `hue` is deprecated and will be removed in v0.14.0. Assign the `x` variable to `hue` and set `legend=False` for the same effect.

  sns.countplot(data=df, x="label", palette="viridis", ax=ax)
2025-11-26 12:19:48.842819: I tensorflow/core/platform/cpu_feature_guard.cc:210] This TensorFlow binary is optimized to use available CPU instructions in performance-critical operations.
To enable the following instructions: AVX2 AVX512F FMA, in other operations, rebuild TensorFlow with the appropriate compiler flags.
Data Frame dimentions: (3780, 2)
Dupplicated sum: 0
IsNull sum:
image_path    0
label         0
dtype: int64
Data Frame Info
<class 'pandas.core.frame.DataFrame'>
RangeIndex: 3780 entries, 0 to 3779
Data columns (total 2 columns):
 #   Column      Non-Null Count  Dtype 
---  ------      --------------  ----- 
 0   image_path  3780 non-null   object
 1   label       3780 non-null   object
dtypes: object(2)
memory usage: 59.2+ KB
Unique labels: ['Normal' 'Osteopenia' 'Osteoporosis']
Label counts: label
Normal          1260
Osteopenia      1260
Osteoporosis    1260
Name: count, dtype: int64

Class distribution after oversampling:
category_encoded
0    1260
1    1260
2    1260
Name: count, dtype: int64
                                            image_path  category_encoded
0                         ./train/Normal/N4_aug_5.jpeg                 0
1                        ./train/Normal/N22_aug_4.jpeg                 0
2                        ./train/Normal/N15_aug_4.jpeg                 0
3                        ./train/Normal/Normal 290.png                 0
4                       ./train/Normal/Normal 169.JPEG                 0
...                                                ...               ...
3775               ./train/Osteoporosis/OS2_aug_0.jpeg                 2
3776  ./train/Osteoporosis/Osteoporosis 473_aug_0.jpeg                 2
3777              ./train/Osteoporosis/OS49_aug_0.jpeg                 2
3778  ./train/Osteoporosis/Osteoporosis 311_aug_0.jpeg                 2
3779         ./train/Osteoporosis/Osteoporosis 518.jpg                 2

[3780 rows x 2 columns]
check
(3024, 2)
(756, 2)
(378, 2)
(378, 2)
Found 3024 validated image filenames belonging to 3 classes.
Found 378 validated image filenames belonging to 3 classes.
Found 378 validated image filenames belonging to 3 classes.
WARNING: All log messages before absl::InitializeLog() is called are written to STDERR
W0000 00:00:1764188392.810055 3153559 gpu_device.cc:2342] Cannot dlopen some GPU libraries. Please make sure the missing libraries mentioned above are installed properly if you would like to use GPU. Follow the guide at https://www.tensorflow.org/install/gpu for how to download and setup the required libraries for your platform.
Skipping registering GPU devices...
Num GPUs Available:  0
Epoch 1/250
189/189 ━━━━━━━━━━━━━━━━━━━━ 1429s 8s/step - accuracy: 0.5441 - loss: 8.7820 - val_accuracy: 0.4392 - val_loss: 7.1172
Epoch 2/250
189/189 ━━━━━━━━━━━━━━━━━━━━ 1424s 8s/step - accuracy: 0.6475 - loss: 6.2839 - val_accuracy: 0.5582 - val_loss: 5.1101
Epoch 3/250
189/189 ━━━━━━━━━━━━━━━━━━━━ 1427s 8s/step - accuracy: 0.6447 - loss: 4.5862 - val_accuracy: 0.6190 - val_loss: 3.8678
Epoch 4/250
189/189 ━━━━━━━━━━━━━━━━━━━━ 1427s 8s/step - accuracy: 0.6784 - loss: 3.3645 - val_accuracy: 0.6190 - val_loss: 3.0350
Epoch 5/250
189/189 ━━━━━━━━━━━━━━━━━━━━ 1433s 8s/step - accuracy: 0.7158 - loss: 2.5452 - val_accuracy: 0.7090 - val_loss: 2.1605
Epoch 6/250
189/189 ━━━━━━━━━━━━━━━━━━━━ 1432s 8s/step - accuracy: 0.7521 - loss: 1.9312 - val_accuracy: 0.6799 - val_loss: 1.7543
Epoch 7/250
189/189 ━━━━━━━━━━━━━━━━━━━━ 1411s 7s/step - accuracy: 0.7452 - loss: 1.5545 - val_accuracy: 0.6561 - val_loss: 1.5742
Epoch 8/250
189/189 ━━━━━━━━━━━━━━━━━━━━ 1406s 7s/step - accuracy: 0.7823 - loss: 1.2459 - val_accuracy: 0.6376 - val_loss: 1.4376
Epoch 9/250
189/189 ━━━━━━━━━━━━━━━━━━━━ 1405s 7s/step - accuracy: 0.8052 - loss: 1.0091 - val_accuracy: 0.7011 - val_loss: 1.2170
Epoch 10/250
189/189 ━━━━━━━━━━━━━━━━━━━━ 1404s 7s/step - accuracy: 0.8241 - loss: 0.8442 - val_accuracy: 0.5767 - val_loss: 1.8690
Epoch 11/250
189/189 ━━━━━━━━━━━━━━━━━━━━ 1403s 7s/step - accuracy: 0.8278 - loss: 0.7328 - val_accuracy: 0.6296 - val_loss: 1.2843
Epoch 12/250
189/189 ━━━━━━━━━━━━━━━━━━━━ 1401s 7s/step - accuracy: 0.8637 - loss: 0.5872 - val_accuracy: 0.5344 - val_loss: 2.5106
Epoch 13/250
189/189 ━━━━━━━━━━━━━━━━━━━━ 1404s 7s/step - accuracy: 0.8380 - loss: 0.6186 - val_accuracy: 0.7169 - val_loss: 1.0591
Epoch 14/250
189/189 ━━━━━━━━━━━━━━━━━━━━ 1405s 7s/step - accuracy: 0.8766 - loss: 0.5070 - val_accuracy: 0.5926 - val_loss: 1.5596
Epoch 15/250
189/189 ━━━━━━━━━━━━━━━━━━━━ 1422s 8s/step - accuracy: 0.8959 - loss: 0.4387 - val_accuracy: 0.6614 - val_loss: 1.1088
Epoch 16/250
189/189 ━━━━━━━━━━━━━━━━━━━━ 1423s 8s/step - accuracy: 0.8840 - loss: 0.4403 - val_accuracy: 0.6905 - val_loss: 1.2480
Epoch 17/250
189/189 ━━━━━━━━━━━━━━━━━━━━ 1427s 8s/step - accuracy: 0.8978 - loss: 0.4128 - val_accuracy: 0.7011 - val_loss: 1.2458
Epoch 18/250
189/189 ━━━━━━━━━━━━━━━━━━━━ 1426s 8s/step - accuracy: 0.9061 - loss: 0.3601 - val_accuracy: 0.7037 - val_loss: 1.1311
24/24 ━━━━━━━━━━━━━━━━━━━━ 64s 3s/step 

PPO Loss on Validation Data: -0.9999953
24/24 ━━━━━━━━━━━━━━━━━━━━ 62s 3s/step 
Classification Report:
              precision    recall  f1-score   support

           0       0.76      0.81      0.78       126
           1       0.81      0.66      0.72       126
           2       0.70      0.78      0.73       126

    accuracy                           0.75       378
   macro avg       0.75      0.75      0.75       378
weighted avg       0.75      0.75      0.75       378