Running Python script: knee-osteo_lr_3e-5.py
/WAVE/projects2/CSEN-240-Fall25/jriveramiranda/knee-osteo_lr_3e-5.py:51: FutureWarning: 

Passing `palette` without assigning `hue` is deprecated and will be removed in v0.14.0. Assign the `x` variable to `hue` and set `legend=False` for the same effect.

  sns.countplot(data=df, x="label", palette="viridis", ax=ax)
2025-11-28 14:29:34.465372: I tensorflow/core/platform/cpu_feature_guard.cc:210] This TensorFlow binary is optimized to use available CPU instructions in performance-critical operations.
To enable the following instructions: AVX2 AVX512F FMA, in other operations, rebuild TensorFlow with the appropriate compiler flags.
Modeling Knee Osteoarthritis
============================
Current test:
- Set learning rate to 3e-5
============================
Data Frame dimentions: (3780, 2)
Dupplicated sum: 0
IsNull sum:
image_path    0
label         0
dtype: int64
Data Frame Info
<class 'pandas.core.frame.DataFrame'>
RangeIndex: 3780 entries, 0 to 3779
Data columns (total 2 columns):
 #   Column      Non-Null Count  Dtype 
---  ------      --------------  ----- 
 0   image_path  3780 non-null   object
 1   label       3780 non-null   object
dtypes: object(2)
memory usage: 59.2+ KB
Unique labels: ['Normal' 'Osteopenia' 'Osteoporosis']
Label counts: label
Normal          1260
Osteopenia      1260
Osteoporosis    1260
Name: count, dtype: int64

Class distribution after oversampling:
category_encoded
0    1260
1    1260
2    1260
Name: count, dtype: int64
                                            image_path  category_encoded
0                         ./train/Normal/N4_aug_5.jpeg                 0
1                        ./train/Normal/N22_aug_4.jpeg                 0
2                        ./train/Normal/N15_aug_4.jpeg                 0
3                        ./train/Normal/Normal 290.png                 0
4                       ./train/Normal/Normal 169.JPEG                 0
...                                                ...               ...
3775               ./train/Osteoporosis/OS2_aug_0.jpeg                 2
3776  ./train/Osteoporosis/Osteoporosis 473_aug_0.jpeg                 2
3777              ./train/Osteoporosis/OS49_aug_0.jpeg                 2
3778  ./train/Osteoporosis/Osteoporosis 311_aug_0.jpeg                 2
3779         ./train/Osteoporosis/Osteoporosis 518.jpg                 2

[3780 rows x 2 columns]
check
(3024, 2)
(756, 2)
(378, 2)
(378, 2)
Found 3024 validated image filenames belonging to 3 classes.
Found 378 validated image filenames belonging to 3 classes.
Found 378 validated image filenames belonging to 3 classes.
WARNING: All log messages before absl::InitializeLog() is called are written to STDERR
W0000 00:00:1764368977.492137 3471280 gpu_device.cc:2342] Cannot dlopen some GPU libraries. Please make sure the missing libraries mentioned above are installed properly if you would like to use GPU. Follow the guide at https://www.tensorflow.org/install/gpu for how to download and setup the required libraries for your platform.
Skipping registering GPU devices...
Num GPUs Available:  0
Epoch 1/250
189/189 ━━━━━━━━━━━━━━━━━━━━ 1491s 8s/step - accuracy: 0.5302 - loss: 1.1479 - val_accuracy: 0.6005 - val_loss: 0.8150
Epoch 2/250
189/189 ━━━━━━━━━━━━━━━━━━━━ 1486s 8s/step - accuracy: 0.6507 - loss: 0.7931 - val_accuracy: 0.5873 - val_loss: 0.9893
Epoch 3/250
189/189 ━━━━━━━━━━━━━━━━━━━━ 1486s 8s/step - accuracy: 0.6790 - loss: 0.7500 - val_accuracy: 0.6640 - val_loss: 0.8099
Epoch 4/250
189/189 ━━━━━━━━━━━━━━━━━━━━ 1486s 8s/step - accuracy: 0.7115 - loss: 0.6573 - val_accuracy: 0.6720 - val_loss: 0.8424
Epoch 5/250
189/189 ━━━━━━━━━━━━━━━━━━━━ 1488s 8s/step - accuracy: 0.7189 - loss: 0.6574 - val_accuracy: 0.5106 - val_loss: 1.1259
Epoch 6/250
189/189 ━━━━━━━━━━━━━━━━━━━━ 1486s 8s/step - accuracy: 0.7367 - loss: 0.6154 - val_accuracy: 0.6905 - val_loss: 0.7690
Epoch 7/250
189/189 ━━━━━━━━━━━━━━━━━━━━ 1487s 8s/step - accuracy: 0.7614 - loss: 0.5824 - val_accuracy: 0.7196 - val_loss: 0.7600
Epoch 8/250
189/189 ━━━━━━━━━━━━━━━━━━━━ 1487s 8s/step - accuracy: 0.7736 - loss: 0.5355 - val_accuracy: 0.6349 - val_loss: 1.0246
Epoch 9/250
189/189 ━━━━━━━━━━━━━━━━━━━━ 1490s 8s/step - accuracy: 0.7845 - loss: 0.5085 - val_accuracy: 0.5503 - val_loss: 1.3258
Epoch 10/250
189/189 ━━━━━━━━━━━━━━━━━━━━ 1488s 8s/step - accuracy: 0.7849 - loss: 0.5162 - val_accuracy: 0.7169 - val_loss: 0.8725
Epoch 11/250
189/189 ━━━━━━━━━━━━━━━━━━━━ 1487s 8s/step - accuracy: 0.8100 - loss: 0.4733 - val_accuracy: 0.7275 - val_loss: 0.7930
Epoch 12/250
189/189 ━━━━━━━━━━━━━━━━━━━━ 1486s 8s/step - accuracy: 0.8049 - loss: 0.4726 - val_accuracy: 0.6720 - val_loss: 0.9717
24/24 ━━━━━━━━━━━━━━━━━━━━ 65s 3s/step 

PPO Loss on Validation Data: -0.9999998
24/24 ━━━━━━━━━━━━━━━━━━━━ 64s 3s/step 
Classification Report:
              precision    recall  f1-score   support

           0       0.80      0.67      0.73       126
           1       0.67      0.92      0.77       126
           2       0.77      0.60      0.68       126

    accuracy                           0.73       378
   macro avg       0.74      0.73      0.73       378
weighted avg       0.74      0.73      0.73       378
