[jriveramiranda@login02 jriveramiranda]$ cat knee_base-163314.out
Running Python script: knee-osteo-l2-001_tanh.py
/WAVE/projects2/CSEN-240-Fall25/jriveramiranda/knee-osteo-l2-001_tanh.py:49: FutureWarning: 

Passing `palette` without assigning `hue` is deprecated and will be removed in v0.14.0. Assign the `x` variable to `hue` and set `legend=False` for the same effect.

  sns.countplot(data=df, x="label", palette="viridis", ax=ax)
2025-12-02 16:51:51.652682: I tensorflow/core/platform/cpu_feature_guard.cc:210] This TensorFlow binary is optimized to use available CPU instructions in performance-critical operations.
To enable the following instructions: AVX2 AVX512F FMA, in other operations, rebuild TensorFlow with the appropriate compiler flags.
Modeling Knee Osteoarthritis
============================
Current test:
- L2 Regularization added with 0.001 penalty factor.
- Use tanh activation function in Dense layer.
============================
Data Frame dimentions: (3780, 2)
Dupplicated sum: 0
IsNull sum:
image_path    0
label         0
dtype: int64
Data Frame Info
<class 'pandas.core.frame.DataFrame'>
RangeIndex: 3780 entries, 0 to 3779
Data columns (total 2 columns):
 #   Column      Non-Null Count  Dtype 
---  ------      --------------  ----- 
 0   image_path  3780 non-null   object
 1   label       3780 non-null   object
dtypes: object(2)
memory usage: 59.2+ KB
Unique labels: ['Normal' 'Osteopenia' 'Osteoporosis']
Label counts: label
Normal          1260
Osteopenia      1260
Osteoporosis    1260
Name: count, dtype: int64

Class distribution after oversampling:
category_encoded
0    1260
1    1260
2    1260
Name: count, dtype: int64
                                            image_path  category_encoded
0                         ./train/Normal/N4_aug_5.jpeg                 0
1                        ./train/Normal/N22_aug_4.jpeg                 0
2                        ./train/Normal/N15_aug_4.jpeg                 0
3                        ./train/Normal/Normal 290.png                 0
4                       ./train/Normal/Normal 169.JPEG                 0
...                                                ...               ...
3775               ./train/Osteoporosis/OS2_aug_0.jpeg                 2
3776  ./train/Osteoporosis/Osteoporosis 473_aug_0.jpeg                 2
3777              ./train/Osteoporosis/OS49_aug_0.jpeg                 2
3778  ./train/Osteoporosis/Osteoporosis 311_aug_0.jpeg                 2
3779         ./train/Osteoporosis/Osteoporosis 518.jpg                 2

[3780 rows x 2 columns]
check
(3024, 2)
(756, 2)
(378, 2)
(378, 2)
Found 3024 validated image filenames belonging to 3 classes.
Found 378 validated image filenames belonging to 3 classes.
Found 378 validated image filenames belonging to 3 classes.
WARNING: All log messages before absl::InitializeLog() is called are written to STDERR
W0000 00:00:1764723117.834464 3382313 gpu_device.cc:2342] Cannot dlopen some GPU libraries. Please make sure the missing libraries mentioned above are installed properly if you would like to use GPU. Follow the guide at https://www.tensorflow.org/install/gpu for how to download and setup the required libraries for your platform.
Skipping registering GPU devices...
Num GPUs Available:  0
Epoch 1/250
189/189 ━━━━━━━━━━━━━━━━━━━━ 1452s 8s/step - accuracy: 0.5388 - loss: 2.4313 - val_accuracy: 0.6058 - val_loss: 1.6567
Epoch 2/250
189/189 ━━━━━━━━━━━━━━━━━━━━ 1447s 8s/step - accuracy: 0.6223 - loss: 1.6896 - val_accuracy: 0.5926 - val_loss: 1.7580
Epoch 3/250
189/189 ━━━━━━━━━━━━━━━━━━━━ 1451s 8s/step - accuracy: 0.6698 - loss: 1.5902 - val_accuracy: 0.6508 - val_loss: 1.6542
Epoch 4/250
189/189 ━━━━━━━━━━━━━━━━━━━━ 1457s 8s/step - accuracy: 0.6788 - loss: 1.5495 - val_accuracy: 0.6746 - val_loss: 1.5038
Epoch 5/250
189/189 ━━━━━━━━━━━━━━━━━━━━ 1455s 8s/step - accuracy: 0.7217 - loss: 1.3973 - val_accuracy: 0.6746 - val_loss: 1.4816
Epoch 6/250
189/189 ━━━━━━━━━━━━━━━━━━━━ 1455s 8s/step - accuracy: 0.7389 - loss: 1.3601 - val_accuracy: 0.6085 - val_loss: 1.9141
Epoch 7/250
189/189 ━━━━━━━━━━━━━━━━━━━━ 1458s 8s/step - accuracy: 0.7514 - loss: 1.2588 - val_accuracy: 0.6614 - val_loss: 1.6390
Epoch 8/250
189/189 ━━━━━━━━━━━━━━━━━━━━ 1456s 8s/step - accuracy: 0.7886 - loss: 1.2047 - val_accuracy: 0.6534 - val_loss: 1.5496
Epoch 9/250
189/189 ━━━━━━━━━━━━━━━━━━━━ 1456s 8s/step - accuracy: 0.7837 - loss: 1.1622 - val_accuracy: 0.6508 - val_loss: 1.6695
Epoch 10/250
189/189 ━━━━━━━━━━━━━━━━━━━━ 1459s 8s/step - accuracy: 0.8081 - loss: 1.0652 - val_accuracy: 0.6984 - val_loss: 1.3716
Epoch 11/250
189/189 ━━━━━━━━━━━━━━━━━━━━ 1455s 8s/step - accuracy: 0.8405 - loss: 1.0034 - val_accuracy: 0.6772 - val_loss: 1.4906
Epoch 12/250
189/189 ━━━━━━━━━━━━━━━━━━━━ 1457s 8s/step - accuracy: 0.8400 - loss: 0.9265 - val_accuracy: 0.6852 - val_loss: 1.4320
Epoch 13/250
189/189 ━━━━━━━━━━━━━━━━━━━━ 1458s 8s/step - accuracy: 0.8563 - loss: 0.8813 - val_accuracy: 0.6534 - val_loss: 1.5699
Epoch 14/250
189/189 ━━━━━━━━━━━━━━━━━━━━ 1458s 8s/step - accuracy: 0.8676 - loss: 0.8408 - val_accuracy: 0.7460 - val_loss: 1.3759
Epoch 15/250
189/189 ━━━━━━━━━━━━━━━━━━━━ 1455s 8s/step - accuracy: 0.8655 - loss: 0.8107 - val_accuracy: 0.7116 - val_loss: 1.4219
24/24 ━━━━━━━━━━━━━━━━━━━━ 64s 3s/step 

PPO Loss on Validation Data: -1.0
24/24 ━━━━━━━━━━━━━━━━━━━━ 63s 3s/step 
Classification Report:
              precision    recall  f1-score   support

           0       0.83      0.72      0.77       126
           1       0.68      0.89      0.77       126
           2       0.80      0.67      0.73       126

    accuracy                           0.76       378
   macro avg       0.77      0.76      0.76       378
weighted avg       0.77      0.76      0.76       378

