Running Python script: knee-osteo-l2-1e-3_lr_9e-5_dense_layer_conv.py
/WAVE/projects2/CSEN-240-Fall25/jriveramiranda/knee-osteo-l2-1e-3_lr_9e-5_dense_layer_conv.py:54: FutureWarning: 

Passing `palette` without assigning `hue` is deprecated and will be removed in v0.14.0. Assign the `x` variable to `hue` and set `legend=False` for the same effect.

  sns.countplot(data=df, x="label", palette="viridis", ax=ax)
2025-11-30 03:28:57.610669: I tensorflow/core/platform/cpu_feature_guard.cc:210] This TensorFlow binary is optimized to use available CPU instructions in performance-critical operations.
To enable the following instructions: AVX2 AVX512F FMA, in other operations, rebuild TensorFlow with the appropriate compiler flags.
Modeling Knee Osteoarthritis
============================
Current test:
- L2 Regularization with penalty 1e-3
- Set learning rate to 9e-5
- Add one more dense layer with L2 regularization
- Add convolutional layer before the dense layers
============================
Data Frame dimentions: (3780, 2)
Dupplicated sum: 0
IsNull sum:
image_path    0
label         0
dtype: int64
Data Frame Info
<class 'pandas.core.frame.DataFrame'>
RangeIndex: 3780 entries, 0 to 3779
Data columns (total 2 columns):
 #   Column      Non-Null Count  Dtype 
---  ------      --------------  ----- 
 0   image_path  3780 non-null   object
 1   label       3780 non-null   object
dtypes: object(2)
memory usage: 59.2+ KB
Unique labels: ['Normal' 'Osteopenia' 'Osteoporosis']
Label counts: label
Normal          1260
Osteopenia      1260
Osteoporosis    1260
Name: count, dtype: int64

Class distribution after oversampling:
category_encoded
0    1260
1    1260
2    1260
Name: count, dtype: int64
                                            image_path  category_encoded
0                         ./train/Normal/N4_aug_5.jpeg                 0
1                        ./train/Normal/N22_aug_4.jpeg                 0
2                        ./train/Normal/N15_aug_4.jpeg                 0
3                        ./train/Normal/Normal 290.png                 0
4                       ./train/Normal/Normal 169.JPEG                 0
...                                                ...               ...
3775               ./train/Osteoporosis/OS2_aug_0.jpeg                 2
3776  ./train/Osteoporosis/Osteoporosis 473_aug_0.jpeg                 2
3777              ./train/Osteoporosis/OS49_aug_0.jpeg                 2
3778  ./train/Osteoporosis/Osteoporosis 311_aug_0.jpeg                 2
3779         ./train/Osteoporosis/Osteoporosis 518.jpg                 2

[3780 rows x 2 columns]
check
(3024, 2)
(756, 2)
(378, 2)
(378, 2)
Found 3024 validated image filenames belonging to 3 classes.
Found 378 validated image filenames belonging to 3 classes.
Found 378 validated image filenames belonging to 3 classes.
WARNING: All log messages before absl::InitializeLog() is called are written to STDERR
W0000 00:00:1764502140.710783 3230216 gpu_device.cc:2342] Cannot dlopen some GPU libraries. Please make sure the missing libraries mentioned above are installed properly if you would like to use GPU. Follow the guide at https://www.tensorflow.org/install/gpu for how to download and setup the required libraries for your platform.
Skipping registering GPU devices...
Num GPUs Available:  0
Epoch 1/250
189/189 ━━━━━━━━━━━━━━━━━━━━ 1537s 8s/step - accuracy: 0.4901 - loss: 1.9330 - val_accuracy: 0.4974 - val_loss: 1.9176
Epoch 2/250
189/189 ━━━━━━━━━━━━━━━━━━━━ 1530s 8s/step - accuracy: 0.5554 - loss: 1.8021 - val_accuracy: 0.5794 - val_loss: 2.3211
Epoch 3/250
189/189 ━━━━━━━━━━━━━━━━━━━━ 1530s 8s/step - accuracy: 0.5887 - loss: 1.7115 - val_accuracy: 0.5635 - val_loss: 1.9358
Epoch 4/250
189/189 ━━━━━━━━━━━━━━━━━━━━ 1532s 8s/step - accuracy: 0.6335 - loss: 1.5910 - val_accuracy: 0.5794 - val_loss: 1.9075
Epoch 5/250
189/189 ━━━━━━━━━━━━━━━━━━━━ 1520s 8s/step - accuracy: 0.6281 - loss: 1.5869 - val_accuracy: 0.5503 - val_loss: 1.9858
Epoch 6/250
189/189 ━━━━━━━━━━━━━━━━━━━━ 1485s 8s/step - accuracy: 0.6781 - loss: 1.4410 - val_accuracy: 0.6402 - val_loss: 2.0217
Epoch 7/250
189/189 ━━━━━━━━━━━━━━━━━━━━ 1481s 8s/step - accuracy: 0.6900 - loss: 1.4024 - val_accuracy: 0.6402 - val_loss: 1.6192
Epoch 8/250
189/189 ━━━━━━━━━━━━━━━━━━━━ 1485s 8s/step - accuracy: 0.7021 - loss: 1.3870 - val_accuracy: 0.5450 - val_loss: 1.7744
Epoch 9/250
189/189 ━━━━━━━━━━━━━━━━━━━━ 1485s 8s/step - accuracy: 0.7366 - loss: 1.3057 - val_accuracy: 0.6746 - val_loss: 1.5016
Epoch 10/250
189/189 ━━━━━━━━━━━━━━━━━━━━ 1492s 8s/step - accuracy: 0.7381 - loss: 1.3062 - val_accuracy: 0.6481 - val_loss: 1.6168
Epoch 11/250
189/189 ━━━━━━━━━━━━━━━━━━━━ 1493s 8s/step - accuracy: 0.7476 - loss: 1.2491 - val_accuracy: 0.6772 - val_loss: 1.5097
Epoch 12/250
189/189 ━━━━━━━━━━━━━━━━━━━━ 1491s 8s/step - accuracy: 0.7806 - loss: 1.1792 - val_accuracy: 0.7249 - val_loss: 1.5636
Epoch 13/250
189/189 ━━━━━━━━━━━━━━━━━━━━ 1489s 8s/step - accuracy: 0.7963 - loss: 1.1429 - val_accuracy: 0.6058 - val_loss: 1.7137
Epoch 14/250
189/189 ━━━━━━━━━━━━━━━━━━━━ 1490s 8s/step - accuracy: 0.8142 - loss: 1.1049 - val_accuracy: 0.5952 - val_loss: 1.7494
24/24 ━━━━━━━━━━━━━━━━━━━━ 65s 3s/step 

PPO Loss on Validation Data: -1.0
24/24 ━━━━━━━━━━━━━━━━━━━━ 63s 3s/step 
Classification Report:
              precision    recall  f1-score   support

           0       0.89      0.46      0.61       126
           1       0.71      0.71      0.71       126
           2       0.57      0.85      0.68       126

    accuracy                           0.67       378
   macro avg       0.72      0.67      0.67       378
weighted avg       0.72      0.67      0.67       378

