[jriveramiranda@login01 jriveramiranda]$ cat knee_base-163185.out
Running Python script: knee-osteo_lr_9e-5_sigmoid.py
/WAVE/projects2/CSEN-240-Fall25/jriveramiranda/knee-osteo_lr_9e-5_sigmoid.py:52: FutureWarning: 

Passing `palette` without assigning `hue` is deprecated and will be removed in v0.14.0. Assign the `x` variable to `hue` and set `legend=False` for the same effect.

  sns.countplot(data=df, x="label", palette="viridis", ax=ax)
2025-12-01 22:08:56.057968: I tensorflow/core/platform/cpu_feature_guard.cc:210] This TensorFlow binary is optimized to use available CPU instructions in performance-critical operations.
To enable the following instructions: AVX2 AVX512F FMA, in other operations, rebuild TensorFlow with the appropriate compiler flags.
Modeling Knee Osteoarthritis
============================
Current test:
- Set learning rate to 9e-5
- Use activation function sigmoid
============================
Data Frame dimentions: (3780, 2)
Dupplicated sum: 0
IsNull sum:
image_path    0
label         0
dtype: int64
Data Frame Info
<class 'pandas.core.frame.DataFrame'>
RangeIndex: 3780 entries, 0 to 3779
Data columns (total 2 columns):
 #   Column      Non-Null Count  Dtype 
---  ------      --------------  ----- 
 0   image_path  3780 non-null   object
 1   label       3780 non-null   object
dtypes: object(2)
memory usage: 59.2+ KB
Unique labels: ['Normal' 'Osteopenia' 'Osteoporosis']
Label counts: label
Normal          1260
Osteopenia      1260
Osteoporosis    1260
Name: count, dtype: int64

Class distribution after oversampling:
category_encoded
0    1260
1    1260
2    1260
Name: count, dtype: int64
                                            image_path  category_encoded
0                         ./train/Normal/N4_aug_5.jpeg                 0
1                        ./train/Normal/N22_aug_4.jpeg                 0
2                        ./train/Normal/N15_aug_4.jpeg                 0
3                        ./train/Normal/Normal 290.png                 0
4                       ./train/Normal/Normal 169.JPEG                 0
...                                                ...               ...
3775               ./train/Osteoporosis/OS2_aug_0.jpeg                 2
3776  ./train/Osteoporosis/Osteoporosis 473_aug_0.jpeg                 2
3777              ./train/Osteoporosis/OS49_aug_0.jpeg                 2
3778  ./train/Osteoporosis/Osteoporosis 311_aug_0.jpeg                 2
3779         ./train/Osteoporosis/Osteoporosis 518.jpg                 2

[3780 rows x 2 columns]
check
(3024, 2)
(756, 2)
(378, 2)
(378, 2)
Found 3024 validated image filenames belonging to 3 classes.
Found 378 validated image filenames belonging to 3 classes.
Found 378 validated image filenames belonging to 3 classes.
WARNING: All log messages before absl::InitializeLog() is called are written to STDERR
W0000 00:00:1764655740.478297 3313323 gpu_device.cc:2342] Cannot dlopen some GPU libraries. Please make sure the missing libraries mentioned above are installed properly if you would like to use GPU. Follow the guide at https://www.tensorflow.org/install/gpu for how to download and setup the required libraries for your platform.
Skipping registering GPU devices...
Num GPUs Available:  0
Epoch 1/250
189/189 ━━━━━━━━━━━━━━━━━━━━ 1451s 8s/step - accuracy: 0.5458 - loss: 1.2605 - val_accuracy: 0.5317 - val_loss: 1.0307
Epoch 2/250
189/189 ━━━━━━━━━━━━━━━━━━━━ 1447s 8s/step - accuracy: 0.6308 - loss: 0.8382 - val_accuracy: 0.5661 - val_loss: 0.9366
Epoch 3/250
189/189 ━━━━━━━━━━━━━━━━━━━━ 1451s 8s/step - accuracy: 0.6716 - loss: 0.7685 - val_accuracy: 0.5238 - val_loss: 1.0942
Epoch 4/250
189/189 ━━━━━━━━━━━━━━━━━━━━ 1455s 8s/step - accuracy: 0.7126 - loss: 0.7089 - val_accuracy: 0.6032 - val_loss: 0.8884
Epoch 5/250
189/189 ━━━━━━━━━━━━━━━━━━━━ 1455s 8s/step - accuracy: 0.7496 - loss: 0.6156 - val_accuracy: 0.6376 - val_loss: 1.1200
Epoch 6/250
189/189 ━━━━━━━━━━━━━━━━━━━━ 1456s 8s/step - accuracy: 0.7695 - loss: 0.5667 - val_accuracy: 0.5159 - val_loss: 1.7719
Epoch 7/250
189/189 ━━━━━━━━━━━━━━━━━━━━ 1456s 8s/step - accuracy: 0.7903 - loss: 0.5103 - val_accuracy: 0.5185 - val_loss: 1.7919
Epoch 8/250
189/189 ━━━━━━━━━━━━━━━━━━━━ 1456s 8s/step - accuracy: 0.8131 - loss: 0.4649 - val_accuracy: 0.6243 - val_loss: 1.1235
Epoch 9/250
189/189 ━━━━━━━━━━━━━━━━━━━━ 1458s 8s/step - accuracy: 0.8184 - loss: 0.4390 - val_accuracy: 0.5529 - val_loss: 1.7291
24/24 ━━━━━━━━━━━━━━━━━━━━ 64s 3s/step 

PPO Loss on Validation Data: -0.9999529
24/24 ━━━━━━━━━━━━━━━━━━━━ 62s 3s/step 
Classification Report:
              precision    recall  f1-score   support

           0       0.67      0.75      0.71       126
           1       0.91      0.24      0.38       126
           2       0.51      0.83      0.63       126

    accuracy                           0.61       378
   macro avg       0.70      0.61      0.57       378
weighted avg       0.70      0.61      0.57       378

