[jriveramiranda@login01 jriveramiranda]$ cat knee_base-163184.out
Running Python script: knee-osteo_tanh.py
/WAVE/projects2/CSEN-240-Fall25/jriveramiranda/knee-osteo_tanh.py:48: FutureWarning: 

Passing `palette` without assigning `hue` is deprecated and will be removed in v0.14.0. Assign the `x` variable to `hue` and set `legend=False` for the same effect.

  sns.countplot(data=df, x="label", palette="viridis", ax=ax)
2025-12-01 19:16:44.885837: I tensorflow/core/platform/cpu_feature_guard.cc:210] This TensorFlow binary is optimized to use available CPU instructions in performance-critical operations.
To enable the following instructions: AVX2 AVX512F FMA, in other operations, rebuild TensorFlow with the appropriate compiler flags.
Modeling Knee Osteoarthritis
============================
Current test:
- Use activation function tanh
============================
Data Frame dimentions: (3780, 2)
Dupplicated sum: 0
IsNull sum:
image_path    0
label         0
dtype: int64
Data Frame Info
<class 'pandas.core.frame.DataFrame'>
RangeIndex: 3780 entries, 0 to 3779
Data columns (total 2 columns):
 #   Column      Non-Null Count  Dtype 
---  ------      --------------  ----- 
 0   image_path  3780 non-null   object
 1   label       3780 non-null   object
dtypes: object(2)
memory usage: 59.2+ KB
Unique labels: ['Normal' 'Osteopenia' 'Osteoporosis']
Label counts: label
Normal          1260
Osteopenia      1260
Osteoporosis    1260
Name: count, dtype: int64

Class distribution after oversampling:
category_encoded
0    1260
1    1260
2    1260
Name: count, dtype: int64
                                            image_path  category_encoded
0                         ./train/Normal/N4_aug_5.jpeg                 0
1                        ./train/Normal/N22_aug_4.jpeg                 0
2                        ./train/Normal/N15_aug_4.jpeg                 0
3                        ./train/Normal/Normal 290.png                 0
4                       ./train/Normal/Normal 169.JPEG                 0
...                                                ...               ...
3775               ./train/Osteoporosis/OS2_aug_0.jpeg                 2
3776  ./train/Osteoporosis/Osteoporosis 473_aug_0.jpeg                 2
3777              ./train/Osteoporosis/OS49_aug_0.jpeg                 2
3778  ./train/Osteoporosis/Osteoporosis 311_aug_0.jpeg                 2
3779         ./train/Osteoporosis/Osteoporosis 518.jpg                 2

[3780 rows x 2 columns]
check
(3024, 2)
(756, 2)
(378, 2)
(378, 2)
Found 3024 validated image filenames belonging to 3 classes.
Found 378 validated image filenames belonging to 3 classes.
Found 378 validated image filenames belonging to 3 classes.
WARNING: All log messages before absl::InitializeLog() is called are written to STDERR
W0000 00:00:1764645408.949057 1781356 gpu_device.cc:2342] Cannot dlopen some GPU libraries. Please make sure the missing libraries mentioned above are installed properly if you would like to use GPU. Follow the guide at https://www.tensorflow.org/install/gpu for how to download and setup the required libraries for your platform.
Skipping registering GPU devices...
Num GPUs Available:  0
Epoch 1/250
189/189 ━━━━━━━━━━━━━━━━━━━━ 1442s 8s/step - accuracy: 0.5242 - loss: 1.6238 - val_accuracy: 0.6614 - val_loss: 0.8471
Epoch 2/250
189/189 ━━━━━━━━━━━━━━━━━━━━ 1435s 8s/step - accuracy: 0.6311 - loss: 0.8909 - val_accuracy: 0.6508 - val_loss: 0.9302
Epoch 3/250
189/189 ━━━━━━━━━━━━━━━━━━━━ 1445s 8s/step - accuracy: 0.6561 - loss: 0.7998 - val_accuracy: 0.5847 - val_loss: 0.9616
Epoch 4/250
189/189 ━━━━━━━━━━━━━━━━━━━━ 1464s 8s/step - accuracy: 0.6964 - loss: 0.7446 - val_accuracy: 0.6058 - val_loss: 0.8443
Epoch 5/250
189/189 ━━━━━━━━━━━━━━━━━━━━ 1468s 8s/step - accuracy: 0.7202 - loss: 0.6836 - val_accuracy: 0.7037 - val_loss: 0.7727
Epoch 6/250
189/189 ━━━━━━━━━━━━━━━━━━━━ 1466s 8s/step - accuracy: 0.7397 - loss: 0.6423 - val_accuracy: 0.6746 - val_loss: 1.0414
Epoch 7/250
189/189 ━━━━━━━━━━━━━━━━━━━━ 1467s 8s/step - accuracy: 0.7803 - loss: 0.5583 - val_accuracy: 0.7090 - val_loss: 0.8417
Epoch 8/250
189/189 ━━━━━━━━━━━━━━━━━━━━ 1465s 8s/step - accuracy: 0.7760 - loss: 0.5458 - val_accuracy: 0.7063 - val_loss: 0.7191
Epoch 9/250
189/189 ━━━━━━━━━━━━━━━━━━━━ 1467s 8s/step - accuracy: 0.7953 - loss: 0.5078 - val_accuracy: 0.7063 - val_loss: 1.1594
Epoch 10/250
189/189 ━━━━━━━━━━━━━━━━━━━━ 1470s 8s/step - accuracy: 0.8091 - loss: 0.4860 - val_accuracy: 0.6984 - val_loss: 0.8088
Epoch 11/250
189/189 ━━━━━━━━━━━━━━━━━━━━ 1469s 8s/step - accuracy: 0.8186 - loss: 0.4250 - val_accuracy: 0.6402 - val_loss: 1.2006
Epoch 12/250
189/189 ━━━━━━━━━━━━━━━━━━━━ 1469s 8s/step - accuracy: 0.8386 - loss: 0.4080 - val_accuracy: 0.6349 - val_loss: 1.1739
Epoch 13/250
189/189 ━━━━━━━━━━━━━━━━━━━━ 1472s 8s/step - accuracy: 0.8607 - loss: 0.3676 - val_accuracy: 0.7328 - val_loss: 0.8354
24/24 ━━━━━━━━━━━━━━━━━━━━ 65s 3s/step 

PPO Loss on Validation Data: -1.0
24/24 ━━━━━━━━━━━━━━━━━━━━ 63s 3s/step 
Classification Report:
              precision    recall  f1-score   support

           0       0.82      0.72      0.77       126
           1       0.76      0.79      0.77       126
           2       0.71      0.77      0.74       126

    accuracy                           0.76       378
   macro avg       0.76      0.76      0.76       378
weighted avg       0.76      0.76      0.76       378
