Running Python script: knee-osteo-l2-001_lr_1e-5.py
/WAVE/projects2/CSEN-240-Fall25/jriveramiranda/knee-osteo-l2-001_lr_1e-5.py:49: FutureWarning: 

Passing `palette` without assigning `hue` is deprecated and will be removed in v0.14.0. Assign the `x` variable to `hue` and set `legend=False` for the same effect.

  sns.countplot(data=df, x="label", palette="viridis", ax=ax)
2025-11-28 00:35:12.166759: I tensorflow/core/platform/cpu_feature_guard.cc:210] This TensorFlow binary is optimized to use available CPU instructions in performance-critical operations.
To enable the following instructions: AVX2 AVX512F FMA, in other operations, rebuild TensorFlow with the appropriate compiler flags.
Modeling Knee Osteoarthritis
============================
Current test:
- L2 Regularization added with 0.001 penalty factor.
- Set learning rate to 1e-5
============================
Data Frame dimentions: (3780, 2)
Dupplicated sum: 0
IsNull sum:
image_path    0
label         0
dtype: int64
Data Frame Info
<class 'pandas.core.frame.DataFrame'>
RangeIndex: 3780 entries, 0 to 3779
Data columns (total 2 columns):
 #   Column      Non-Null Count  Dtype 
---  ------      --------------  ----- 
 0   image_path  3780 non-null   object
 1   label       3780 non-null   object
dtypes: object(2)
memory usage: 59.2+ KB
Unique labels: ['Normal' 'Osteopenia' 'Osteoporosis']
Label counts: label
Normal          1260
Osteopenia      1260
Osteoporosis    1260
Name: count, dtype: int64

Class distribution after oversampling:
category_encoded
0    1260
1    1260
2    1260
Name: count, dtype: int64
                                            image_path  category_encoded
0                         ./train/Normal/N4_aug_5.jpeg                 0
1                        ./train/Normal/N22_aug_4.jpeg                 0
2                        ./train/Normal/N15_aug_4.jpeg                 0
3                        ./train/Normal/Normal 290.png                 0
4                       ./train/Normal/Normal 169.JPEG                 0
...                                                ...               ...
3775               ./train/Osteoporosis/OS2_aug_0.jpeg                 2
3776  ./train/Osteoporosis/Osteoporosis 473_aug_0.jpeg                 2
3777              ./train/Osteoporosis/OS49_aug_0.jpeg                 2
3778  ./train/Osteoporosis/Osteoporosis 311_aug_0.jpeg                 2
3779         ./train/Osteoporosis/Osteoporosis 518.jpg                 2

[3780 rows x 2 columns]
check
(3024, 2)
(756, 2)
(378, 2)
(378, 2)
Found 3024 validated image filenames belonging to 3 classes.
Found 378 validated image filenames belonging to 3 classes.
Found 378 validated image filenames belonging to 3 classes.
WARNING: All log messages before absl::InitializeLog() is called are written to STDERR
W0000 00:00:1764318916.625888 3451541 gpu_device.cc:2342] Cannot dlopen some GPU libraries. Please make sure the missing libraries mentioned above are installed properly if you would like to use GPU. Follow the guide at https://www.tensorflow.org/install/gpu for how to download and setup the required libraries for your platform.
Skipping registering GPU devices...
Num GPUs Available:  0
Epoch 1/250
189/189 ━━━━━━━━━━━━━━━━━━━━ 1474s 8s/step - accuracy: 0.5454 - loss: 1.8833 - val_accuracy: 0.6085 - val_loss: 1.7388
Epoch 2/250
189/189 ━━━━━━━━━━━━━━━━━━━━ 1469s 8s/step - accuracy: 0.6467 - loss: 1.6347 - val_accuracy: 0.7090 - val_loss: 1.5648
Epoch 3/250
189/189 ━━━━━━━━━━━━━━━━━━━━ 1468s 8s/step - accuracy: 0.6808 - loss: 1.5665 - val_accuracy: 0.6614 - val_loss: 1.6368
Epoch 4/250
189/189 ━━━━━━━━━━━━━━━━━━━━ 1448s 8s/step - accuracy: 0.7025 - loss: 1.5119 - val_accuracy: 0.7090 - val_loss: 1.5703
Epoch 5/250
189/189 ━━━━━━━━━━━━━━━━━━━━ 1431s 8s/step - accuracy: 0.7214 - loss: 1.4322 - val_accuracy: 0.5952 - val_loss: 1.7526
Epoch 6/250
189/189 ━━━━━━━━━━━━━━━━━━━━ 1431s 8s/step - accuracy: 0.7555 - loss: 1.3836 - val_accuracy: 0.6481 - val_loss: 1.6194
Epoch 7/250
189/189 ━━━━━━━━━━━━━━━━━━━━ 1429s 8s/step - accuracy: 0.7560 - loss: 1.3868 - val_accuracy: 0.7090 - val_loss: 1.6300
24/24 ━━━━━━━━━━━━━━━━━━━━ 63s 3s/step 

PPO Loss on Validation Data: -1.0
24/24 ━━━━━━━━━━━━━━━━━━━━ 61s 3s/step 
Classification Report:
              precision    recall  f1-score   support

           0       0.82      0.63      0.71       126
           1       0.66      0.81      0.73       126
           2       0.66      0.65      0.65       126

    accuracy                           0.70       378
   macro avg       0.71      0.70      0.70       378
weighted avg       0.71      0.70      0.70       378
